<?xml version="1.0" encoding="UTF-8"?>
<coverage generated="1685327041234" clover="3.2.0">
  <project timestamp="1685327041234" name="All files">
    <metrics statements="33" coveredstatements="32" conditionals="14" coveredconditionals="13" methods="8" coveredmethods="8" elements="55" coveredelements="53" complexity="0" loc="33" ncloc="33" packages="1" files="1" classes="1"/>
    <file name="index.js" path="/home/heybehonest/frontend-project-46/src/index.js">
      <metrics statements="33" coveredstatements="32" conditionals="14" coveredconditionals="13" methods="8" coveredmethods="8"/>
      <line num="6" count="1" type="stmt"/>
      <line num="7" count="1" type="stmt"/>
      <line num="8" count="1" type="stmt"/>
      <line num="9" count="1" type="stmt"/>
      <line num="10" count="1" type="stmt"/>
      <line num="11" count="1" type="stmt"/>
      <line num="12" count="5" type="stmt"/>
      <line num="13" count="5" type="stmt"/>
      <line num="14" count="5" type="cond" truecount="5" falsecount="0"/>
      <line num="15" count="1" type="stmt"/>
      <line num="22" count="4" type="cond" truecount="2" falsecount="0"/>
      <line num="23" count="2" type="stmt"/>
      <line num="29" count="2" type="cond" truecount="2" falsecount="0"/>
      <line num="30" count="1" type="stmt"/>
      <line num="36" count="1" type="stmt"/>
      <line num="42" count="1" type="stmt"/>
      <line num="45" count="1" type="stmt"/>
      <line num="46" count="1" type="stmt"/>
      <line num="47" count="5" type="stmt"/>
      <line num="48" count="5" type="cond" truecount="4" falsecount="1"/>
      <line num="50" count="2" type="stmt"/>
      <line num="52" count="1" type="stmt"/>
      <line num="54" count="1" type="stmt"/>
      <line num="56" count="1" type="stmt"/>
      <line num="58" count="0" type="stmt"/>
      <line num="61" count="1" type="stmt"/>
      <line num="63" count="2" type="stmt"/>
      <line num="65" count="2" type="stmt"/>
      <line num="67" count="2" type="stmt"/>
      <line num="69" count="1" type="stmt"/>
      <line num="70" count="1" type="stmt"/>
      <line num="71" count="1" type="stmt"/>
      <line num="72" count="1" type="stmt"/>
    </file>
  </project>
</coverage>
