{"/home/heybehonest/frontend-project-46/src/index.js": {"path":"/home/heybehonest/frontend-project-46/src/index.js","statementMap":{"0":{"start":{"line":6,"column":19},"end":{"line":17,"column":1}},"1":{"start":{"line":7,"column":2},"end":{"line":16,"column":3}},"2":{"start":{"line":9,"column":6},"end":{"line":9,"column":33}},"3":{"start":{"line":11,"column":6},"end":{"line":11,"column":31}},"4":{"start":{"line":13,"column":6},"end":{"line":13,"column":30}},"5":{"start":{"line":15,"column":6},"end":{"line":15,"column":55}},"6":{"start":{"line":19,"column":21},"end":{"line":26,"column":1}},"7":{"start":{"line":20,"column":20},"end":{"line":20,"column":46}},"8":{"start":{"line":21,"column":20},"end":{"line":21,"column":46}},"9":{"start":{"line":22,"column":16},"end":{"line":22,"column":40}},"10":{"start":{"line":23,"column":16},"end":{"line":23,"column":40}},"11":{"start":{"line":24,"column":15},"end":{"line":24,"column":42}},"12":{"start":{"line":25,"column":2},"end":{"line":25,"column":34}}},"fnMap":{"0":{"name":"(anonymous_0)","decl":{"start":{"line":6,"column":19},"end":{"line":6,"column":20}},"loc":{"start":{"line":6,"column":37},"end":{"line":17,"column":1}},"line":6},"1":{"name":"(anonymous_1)","decl":{"start":{"line":19,"column":21},"end":{"line":19,"column":22}},"loc":{"start":{"line":19,"column":67},"end":{"line":26,"column":1}},"line":19}},"branchMap":{"0":{"loc":{"start":{"line":7,"column":2},"end":{"line":16,"column":3}},"type":"switch","locations":[{"start":{"line":8,"column":4},"end":{"line":9,"column":33}},{"start":{"line":10,"column":4},"end":{"line":11,"column":31}},{"start":{"line":12,"column":4},"end":{"line":13,"column":30}},{"start":{"line":14,"column":4},"end":{"line":15,"column":55}}],"line":7},"1":{"loc":{"start":{"line":19,"column":44},"end":{"line":19,"column":62}},"type":"default-arg","locations":[{"start":{"line":19,"column":53},"end":{"line":19,"column":62}}],"line":19}},"s":{"0":1,"1":2,"2":2,"3":0,"4":0,"5":0,"6":1,"7":2,"8":2,"9":2,"10":2,"11":2,"12":2},"f":{"0":2,"1":2},"b":{"0":[2,0,0,0],"1":[2]},"_coverageSchema":"1a1c01bbd47fc00a2c39e90264f33305004495a9","hash":"cdbea46e7f0f1fc1a9055d58faa1c5ef9c7a60df"}
,"/home/heybehonest/frontend-project-46/src/utils.js": {"path":"/home/heybehonest/frontend-project-46/src/utils.js","statementMap":{"0":{"start":{"line":6,"column":25},"end":{"line":6,"column":72}},"1":{"start":{"line":7,"column":24},"end":{"line":7,"column":76}},"2":{"start":{"line":9,"column":24},"end":{"line":9,"column":77}},"3":{"start":{"line":9,"column":38},"end":{"line":9,"column":77}},"4":{"start":{"line":11,"column":17},"end":{"line":11,"column":82}},"5":{"start":{"line":11,"column":31},"end":{"line":11,"column":82}},"6":{"start":{"line":13,"column":18},"end":{"line":24,"column":1}},"7":{"start":{"line":14,"column":2},"end":{"line":23,"column":3}},"8":{"start":{"line":17,"column":6},"end":{"line":17,"column":30}},"9":{"start":{"line":20,"column":6},"end":{"line":20,"column":29}},"10":{"start":{"line":22,"column":6},"end":{"line":22,"column":55}},"11":{"start":{"line":26,"column":22},"end":{"line":30,"column":1}},"12":{"start":{"line":27,"column":15},"end":{"line":27,"column":33}},"13":{"start":{"line":28,"column":17},"end":{"line":28,"column":52}},"14":{"start":{"line":29,"column":2},"end":{"line":29,"column":33}},"15":{"start":{"line":32,"column":22},"end":{"line":83,"column":1}},"16":{"start":{"line":33,"column":16},"end":{"line":33,"column":33}},"17":{"start":{"line":34,"column":16},"end":{"line":34,"column":33}},"18":{"start":{"line":35,"column":15},"end":{"line":35,"column":36}},"19":{"start":{"line":36,"column":21},"end":{"line":36,"column":35}},"20":{"start":{"line":38,"column":15},"end":{"line":80,"column":4}},"21":{"start":{"line":39,"column":19},"end":{"line":39,"column":28}},"22":{"start":{"line":40,"column":19},"end":{"line":40,"column":28}},"23":{"start":{"line":42,"column":4},"end":{"line":48,"column":5}},"24":{"start":{"line":43,"column":6},"end":{"line":47,"column":8}},"25":{"start":{"line":50,"column":4},"end":{"line":56,"column":5}},"26":{"start":{"line":51,"column":6},"end":{"line":55,"column":8}},"27":{"start":{"line":58,"column":4},"end":{"line":64,"column":5}},"28":{"start":{"line":59,"column":6},"end":{"line":63,"column":8}},"29":{"start":{"line":66,"column":4},"end":{"line":72,"column":5}},"30":{"start":{"line":67,"column":6},"end":{"line":71,"column":8}},"31":{"start":{"line":74,"column":4},"end":{"line":79,"column":6}},"32":{"start":{"line":82,"column":2},"end":{"line":82,"column":14}}},"fnMap":{"0":{"name":"(anonymous_0)","decl":{"start":{"line":9,"column":24},"end":{"line":9,"column":25}},"loc":{"start":{"line":9,"column":38},"end":{"line":9,"column":77}},"line":9},"1":{"name":"(anonymous_1)","decl":{"start":{"line":11,"column":17},"end":{"line":11,"column":18}},"loc":{"start":{"line":11,"column":31},"end":{"line":11,"column":82}},"line":11},"2":{"name":"(anonymous_2)","decl":{"start":{"line":13,"column":18},"end":{"line":13,"column":19}},"loc":{"start":{"line":13,"column":36},"end":{"line":24,"column":1}},"line":13},"3":{"name":"(anonymous_3)","decl":{"start":{"line":26,"column":22},"end":{"line":26,"column":23}},"loc":{"start":{"line":26,"column":36},"end":{"line":30,"column":1}},"line":26},"4":{"name":"(anonymous_4)","decl":{"start":{"line":32,"column":22},"end":{"line":32,"column":23}},"loc":{"start":{"line":32,"column":38},"end":{"line":83,"column":1}},"line":32},"5":{"name":"(anonymous_5)","decl":{"start":{"line":38,"column":30},"end":{"line":38,"column":31}},"loc":{"start":{"line":38,"column":39},"end":{"line":80,"column":3}},"line":38}},"branchMap":{"0":{"loc":{"start":{"line":14,"column":2},"end":{"line":23,"column":3}},"type":"switch","locations":[{"start":{"line":15,"column":4},"end":{"line":15,"column":14}},{"start":{"line":16,"column":4},"end":{"line":17,"column":30}},{"start":{"line":18,"column":4},"end":{"line":18,"column":16}},{"start":{"line":19,"column":4},"end":{"line":20,"column":29}},{"start":{"line":21,"column":4},"end":{"line":22,"column":55}}],"line":14},"1":{"loc":{"start":{"line":42,"column":4},"end":{"line":48,"column":5}},"type":"if","locations":[{"start":{"line":42,"column":4},"end":{"line":48,"column":5}},{"start":{},"end":{}}],"line":42},"2":{"loc":{"start":{"line":50,"column":4},"end":{"line":56,"column":5}},"type":"if","locations":[{"start":{"line":50,"column":4},"end":{"line":56,"column":5}},{"start":{},"end":{}}],"line":50},"3":{"loc":{"start":{"line":58,"column":4},"end":{"line":64,"column":5}},"type":"if","locations":[{"start":{"line":58,"column":4},"end":{"line":64,"column":5}},{"start":{},"end":{}}],"line":58},"4":{"loc":{"start":{"line":58,"column":8},"end":{"line":58,"column":58}},"type":"binary-expr","locations":[{"start":{"line":58,"column":8},"end":{"line":58,"column":31}},{"start":{"line":58,"column":35},"end":{"line":58,"column":58}}],"line":58},"5":{"loc":{"start":{"line":66,"column":4},"end":{"line":72,"column":5}},"type":"if","locations":[{"start":{"line":66,"column":4},"end":{"line":72,"column":5}},{"start":{},"end":{}}],"line":66}},"s":{"0":1,"1":1,"2":1,"3":8,"4":1,"5":4,"6":1,"7":4,"8":2,"9":2,"10":0,"11":1,"12":4,"13":4,"14":4,"15":1,"16":2,"17":2,"18":2,"19":2,"20":2,"21":10,"22":10,"23":10,"24":4,"25":6,"26":2,"27":4,"28":0,"29":4,"30":2,"31":2,"32":2},"f":{"0":8,"1":4,"2":4,"3":4,"4":2,"5":10},"b":{"0":[0,2,0,2,0],"1":[4,6],"2":[2,4],"3":[0,4],"4":[4,0],"5":[2,2]},"_coverageSchema":"1a1c01bbd47fc00a2c39e90264f33305004495a9","hash":"8df461625a80dd3808fb8c6b959bee1bb97a25e9"}
,"/home/heybehonest/frontend-project-46/src/formatters/json.js": {"path":"/home/heybehonest/frontend-project-46/src/formatters/json.js","statementMap":{"0":{"start":{"line":1,"column":19},"end":{"line":1,"column":49}},"1":{"start":{"line":1,"column":29},"end":{"line":1,"column":49}}},"fnMap":{"0":{"name":"(anonymous_0)","decl":{"start":{"line":1,"column":19},"end":{"line":1,"column":20}},"loc":{"start":{"line":1,"column":29},"end":{"line":1,"column":49}},"line":1}},"branchMap":{},"s":{"0":1,"1":0},"f":{"0":0},"b":{},"_coverageSchema":"1a1c01bbd47fc00a2c39e90264f33305004495a9","hash":"221f7aa615748bc4f13377c1ec793ca2b2c8d41c"}
,"/home/heybehonest/frontend-project-46/src/formatters/plain.js": {"path":"/home/heybehonest/frontend-project-46/src/formatters/plain.js","statementMap":{"0":{"start":{"line":3,"column":20},"end":{"line":34,"column":1}},"1":{"start":{"line":4,"column":22},"end":{"line":12,"column":3}},"2":{"start":{"line":5,"column":4},"end":{"line":7,"column":5}},"3":{"start":{"line":6,"column":6},"end":{"line":6,"column":31}},"4":{"start":{"line":8,"column":4},"end":{"line":10,"column":5}},"5":{"start":{"line":9,"column":6},"end":{"line":9,"column":26}},"6":{"start":{"line":11,"column":4},"end":{"line":11,"column":25}},"7":{"start":{"line":14,"column":21},"end":{"line":30,"column":3}},"8":{"start":{"line":15,"column":21},"end":{"line":15,"column":60}},"9":{"start":{"line":16,"column":4},"end":{"line":29,"column":5}},"10":{"start":{"line":18,"column":8},"end":{"line":18,"column":77}},"11":{"start":{"line":18,"column":48},"end":{"line":18,"column":75}},"12":{"start":{"line":20,"column":8},"end":{"line":20,"column":89}},"13":{"start":{"line":22,"column":8},"end":{"line":22,"column":52}},"14":{"start":{"line":24,"column":8},"end":{"line":24,"column":117}},"15":{"start":{"line":26,"column":8},"end":{"line":26,"column":18}},"16":{"start":{"line":28,"column":8},"end":{"line":28,"column":59}},"17":{"start":{"line":32,"column":16},"end":{"line":32,"column":56}},"18":{"start":{"line":32,"column":39},"end":{"line":32,"column":55}},"19":{"start":{"line":33,"column":2},"end":{"line":33,"column":26}}},"fnMap":{"0":{"name":"(anonymous_0)","decl":{"start":{"line":3,"column":20},"end":{"line":3,"column":21}},"loc":{"start":{"line":3,"column":30},"end":{"line":34,"column":1}},"line":3},"1":{"name":"(anonymous_1)","decl":{"start":{"line":4,"column":22},"end":{"line":4,"column":23}},"loc":{"start":{"line":4,"column":33},"end":{"line":12,"column":3}},"line":4},"2":{"name":"(anonymous_2)","decl":{"start":{"line":14,"column":21},"end":{"line":14,"column":22}},"loc":{"start":{"line":14,"column":42},"end":{"line":30,"column":3}},"line":14},"3":{"name":"(anonymous_3)","decl":{"start":{"line":18,"column":37},"end":{"line":18,"column":38}},"loc":{"start":{"line":18,"column":48},"end":{"line":18,"column":75}},"line":18},"4":{"name":"(anonymous_4)","decl":{"start":{"line":32,"column":29},"end":{"line":32,"column":30}},"loc":{"start":{"line":32,"column":39},"end":{"line":32,"column":55}},"line":32}},"branchMap":{"0":{"loc":{"start":{"line":5,"column":4},"end":{"line":7,"column":5}},"type":"if","locations":[{"start":{"line":5,"column":4},"end":{"line":7,"column":5}},{"start":{},"end":{}}],"line":5},"1":{"loc":{"start":{"line":8,"column":4},"end":{"line":10,"column":5}},"type":"if","locations":[{"start":{"line":8,"column":4},"end":{"line":10,"column":5}},{"start":{},"end":{}}],"line":8},"2":{"loc":{"start":{"line":14,"column":28},"end":{"line":14,"column":37}},"type":"default-arg","locations":[{"start":{"line":14,"column":35},"end":{"line":14,"column":37}}],"line":14},"3":{"loc":{"start":{"line":15,"column":21},"end":{"line":15,"column":60}},"type":"cond-expr","locations":[{"start":{"line":15,"column":28},"end":{"line":15,"column":49}},{"start":{"line":15,"column":52},"end":{"line":15,"column":60}}],"line":15},"4":{"loc":{"start":{"line":16,"column":4},"end":{"line":29,"column":5}},"type":"switch","locations":[{"start":{"line":17,"column":6},"end":{"line":18,"column":77}},{"start":{"line":19,"column":6},"end":{"line":20,"column":89}},{"start":{"line":21,"column":6},"end":{"line":22,"column":52}},{"start":{"line":23,"column":6},"end":{"line":24,"column":117}},{"start":{"line":25,"column":6},"end":{"line":26,"column":18}},{"start":{"line":27,"column":6},"end":{"line":28,"column":59}}],"line":16}},"s":{"0":1,"1":0,"2":0,"3":0,"4":0,"5":0,"6":0,"7":0,"8":0,"9":0,"10":0,"11":0,"12":0,"13":0,"14":0,"15":0,"16":0,"17":0,"18":0,"19":0},"f":{"0":0,"1":0,"2":0,"3":0,"4":0},"b":{"0":[0,0],"1":[0,0],"2":[0],"3":[0,0],"4":[0,0,0,0,0,0]},"_coverageSchema":"1a1c01bbd47fc00a2c39e90264f33305004495a9","hash":"6aec4c0efd52a812e5ee2725680b2c09d880e719"}
,"/home/heybehonest/frontend-project-46/src/formatters/stylish.js": {"path":"/home/heybehonest/frontend-project-46/src/formatters/stylish.js","statementMap":{"0":{"start":{"line":1,"column":18},"end":{"line":1,"column":50}},"1":{"start":{"line":1,"column":29},"end":{"line":1,"column":50}},"2":{"start":{"line":3,"column":20},"end":{"line":11,"column":1}},"3":{"start":{"line":4,"column":2},"end":{"line":6,"column":3}},"4":{"start":{"line":5,"column":4},"end":{"line":5,"column":17}},"5":{"start":{"line":8,"column":17},"end":{"line":8,"column":33}},"6":{"start":{"line":9,"column":16},"end":{"line":9,"column":112}},"7":{"start":{"line":9,"column":58},"end":{"line":9,"column":111}},"8":{"start":{"line":10,"column":2},"end":{"line":10,"column":48}},"9":{"start":{"line":13,"column":19},"end":{"line":41,"column":1}},"10":{"start":{"line":14,"column":17},"end":{"line":14,"column":33}},"11":{"start":{"line":22,"column":6},"end":{"line":22,"column":10}},"12":{"start":{"line":24,"column":2},"end":{"line":40,"column":3}},"13":{"start":{"line":26,"column":6},"end":{"line":26,"column":69}},"14":{"start":{"line":28,"column":6},"end":{"line":28,"column":69}},"15":{"start":{"line":30,"column":6},"end":{"line":30,"column":69}},"16":{"start":{"line":32,"column":6},"end":{"line":35,"column":19}},"17":{"start":{"line":37,"column":6},"end":{"line":37,"column":90}},"18":{"start":{"line":39,"column":6},"end":{"line":39,"column":52}},"19":{"start":{"line":43,"column":19},"end":{"line":47,"column":1}},"20":{"start":{"line":44,"column":17},"end":{"line":44,"column":33}},"21":{"start":{"line":45,"column":16},"end":{"line":45,"column":59}},"22":{"start":{"line":45,"column":35},"end":{"line":45,"column":58}},"23":{"start":{"line":46,"column":2},"end":{"line":46,"column":46}}},"fnMap":{"0":{"name":"(anonymous_0)","decl":{"start":{"line":1,"column":18},"end":{"line":1,"column":19}},"loc":{"start":{"line":1,"column":29},"end":{"line":1,"column":50}},"line":1},"1":{"name":"(anonymous_1)","decl":{"start":{"line":3,"column":20},"end":{"line":3,"column":21}},"loc":{"start":{"line":3,"column":38},"end":{"line":11,"column":1}},"line":3},"2":{"name":"(anonymous_2)","decl":{"start":{"line":9,"column":42},"end":{"line":9,"column":43}},"loc":{"start":{"line":9,"column":58},"end":{"line":9,"column":111}},"line":9},"3":{"name":"(anonymous_3)","decl":{"start":{"line":13,"column":19},"end":{"line":13,"column":20}},"loc":{"start":{"line":13,"column":40},"end":{"line":41,"column":1}},"line":13},"4":{"name":"(anonymous_4)","decl":{"start":{"line":43,"column":19},"end":{"line":43,"column":20}},"loc":{"start":{"line":43,"column":40},"end":{"line":47,"column":1}},"line":43},"5":{"name":"(anonymous_5)","decl":{"start":{"line":45,"column":25},"end":{"line":45,"column":26}},"loc":{"start":{"line":45,"column":35},"end":{"line":45,"column":58}},"line":45}},"branchMap":{"0":{"loc":{"start":{"line":4,"column":2},"end":{"line":6,"column":3}},"type":"if","locations":[{"start":{"line":4,"column":2},"end":{"line":6,"column":3}},{"start":{},"end":{}}],"line":4},"1":{"loc":{"start":{"line":13,"column":26},"end":{"line":13,"column":35}},"type":"default-arg","locations":[{"start":{"line":13,"column":34},"end":{"line":13,"column":35}}],"line":13},"2":{"loc":{"start":{"line":24,"column":2},"end":{"line":40,"column":3}},"type":"switch","locations":[{"start":{"line":25,"column":4},"end":{"line":26,"column":69}},{"start":{"line":27,"column":4},"end":{"line":28,"column":69}},{"start":{"line":29,"column":4},"end":{"line":30,"column":69}},{"start":{"line":31,"column":4},"end":{"line":35,"column":19}},{"start":{"line":36,"column":4},"end":{"line":37,"column":90}},{"start":{"line":38,"column":4},"end":{"line":39,"column":52}}],"line":24},"3":{"loc":{"start":{"line":43,"column":26},"end":{"line":43,"column":35}},"type":"default-arg","locations":[{"start":{"line":43,"column":34},"end":{"line":43,"column":35}}],"line":43}},"s":{"0":1,"1":12,"2":1,"3":12,"4":12,"5":0,"6":0,"7":0,"8":0,"9":1,"10":10,"11":10,"12":10,"13":2,"14":4,"15":2,"16":2,"17":0,"18":0,"19":1,"20":2,"21":2,"22":10,"23":2},"f":{"0":12,"1":12,"2":0,"3":10,"4":2,"5":10},"b":{"0":[12,0],"1":[0],"2":[2,4,2,2,0,0],"3":[2]},"_coverageSchema":"1a1c01bbd47fc00a2c39e90264f33305004495a9","hash":"8254663c9b7e545cc5d615b17986ee833655fb9b"}
}
