{"/home/heybehonest/frontend-project-46/src/index.js": {"path":"/home/heybehonest/frontend-project-46/src/index.js","statementMap":{"0":{"start":{"line":6,"column":20},"end":{"line":43,"column":3}},"1":{"start":{"line":7,"column":18},"end":{"line":7,"column":35}},"2":{"start":{"line":8,"column":18},"end":{"line":8,"column":35}},"3":{"start":{"line":9,"column":17},"end":{"line":9,"column":45}},"4":{"start":{"line":10,"column":21},"end":{"line":10,"column":35}},"5":{"start":{"line":11,"column":19},"end":{"line":41,"column":6}},"6":{"start":{"line":12,"column":21},"end":{"line":12,"column":30}},"7":{"start":{"line":13,"column":21},"end":{"line":13,"column":30}},"8":{"start":{"line":14,"column":6},"end":{"line":21,"column":7}},"9":{"start":{"line":15,"column":8},"end":{"line":20,"column":10}},"10":{"start":{"line":22,"column":6},"end":{"line":28,"column":7}},"11":{"start":{"line":23,"column":8},"end":{"line":27,"column":10}},"12":{"start":{"line":29,"column":6},"end":{"line":35,"column":7}},"13":{"start":{"line":30,"column":8},"end":{"line":34,"column":10}},"14":{"start":{"line":36,"column":6},"end":{"line":40,"column":8}},"15":{"start":{"line":42,"column":4},"end":{"line":42,"column":18}},"16":{"start":{"line":45,"column":18},"end":{"line":62,"column":3}},"17":{"start":{"line":46,"column":19},"end":{"line":60,"column":6}},"18":{"start":{"line":47,"column":23},"end":{"line":47,"column":32}},"19":{"start":{"line":48,"column":6},"end":{"line":59,"column":7}},"20":{"start":{"line":50,"column":10},"end":{"line":50,"column":50}},"21":{"start":{"line":52,"column":10},"end":{"line":52,"column":50}},"22":{"start":{"line":54,"column":10},"end":{"line":54,"column":86}},"23":{"start":{"line":56,"column":10},"end":{"line":56,"column":50}},"24":{"start":{"line":58,"column":10},"end":{"line":58,"column":22}},"25":{"start":{"line":61,"column":4},"end":{"line":61,"column":40}},"26":{"start":{"line":63,"column":25},"end":{"line":63,"column":76}},"27":{"start":{"line":63,"column":39},"end":{"line":63,"column":76}},"28":{"start":{"line":65,"column":19},"end":{"line":65,"column":83}},"29":{"start":{"line":65,"column":33},"end":{"line":65,"column":83}},"30":{"start":{"line":67,"column":20},"end":{"line":67,"column":64}},"31":{"start":{"line":67,"column":34},"end":{"line":67,"column":64}},"32":{"start":{"line":69,"column":18},"end":{"line":73,"column":3}},"33":{"start":{"line":70,"column":20},"end":{"line":70,"column":40}},"34":{"start":{"line":71,"column":20},"end":{"line":71,"column":40}},"35":{"start":{"line":72,"column":4},"end":{"line":72,"column":50}}},"fnMap":{"0":{"name":"(anonymous_0)","decl":{"start":{"line":6,"column":20},"end":{"line":6,"column":21}},"loc":{"start":{"line":6,"column":36},"end":{"line":43,"column":3}},"line":6},"1":{"name":"(anonymous_1)","decl":{"start":{"line":11,"column":32},"end":{"line":11,"column":33}},"loc":{"start":{"line":11,"column":41},"end":{"line":41,"column":5}},"line":11},"2":{"name":"(anonymous_2)","decl":{"start":{"line":45,"column":18},"end":{"line":45,"column":19}},"loc":{"start":{"line":45,"column":32},"end":{"line":62,"column":3}},"line":45},"3":{"name":"(anonymous_3)","decl":{"start":{"line":46,"column":32},"end":{"line":46,"column":33}},"loc":{"start":{"line":46,"column":42},"end":{"line":60,"column":5}},"line":46},"4":{"name":"(anonymous_4)","decl":{"start":{"line":63,"column":25},"end":{"line":63,"column":26}},"loc":{"start":{"line":63,"column":39},"end":{"line":63,"column":76}},"line":63},"5":{"name":"(anonymous_5)","decl":{"start":{"line":65,"column":19},"end":{"line":65,"column":20}},"loc":{"start":{"line":65,"column":33},"end":{"line":65,"column":83}},"line":65},"6":{"name":"(anonymous_6)","decl":{"start":{"line":67,"column":20},"end":{"line":67,"column":21}},"loc":{"start":{"line":67,"column":34},"end":{"line":67,"column":64}},"line":67},"7":{"name":"(anonymous_7)","decl":{"start":{"line":69,"column":18},"end":{"line":69,"column":19}},"loc":{"start":{"line":69,"column":44},"end":{"line":73,"column":3}},"line":69}},"branchMap":{"0":{"loc":{"start":{"line":14,"column":6},"end":{"line":21,"column":7}},"type":"if","locations":[{"start":{"line":14,"column":6},"end":{"line":21,"column":7}},{"start":{},"end":{}}],"line":14},"1":{"loc":{"start":{"line":14,"column":10},"end":{"line":14,"column":51}},"type":"binary-expr","locations":[{"start":{"line":14,"column":11},"end":{"line":14,"column":17}},{"start":{"line":14,"column":21},"end":{"line":14,"column":27}},{"start":{"line":14,"column":33},"end":{"line":14,"column":50}}],"line":14},"2":{"loc":{"start":{"line":22,"column":6},"end":{"line":28,"column":7}},"type":"if","locations":[{"start":{"line":22,"column":6},"end":{"line":28,"column":7}},{"start":{},"end":{}}],"line":22},"3":{"loc":{"start":{"line":29,"column":6},"end":{"line":35,"column":7}},"type":"if","locations":[{"start":{"line":29,"column":6},"end":{"line":35,"column":7}},{"start":{},"end":{}}],"line":29},"4":{"loc":{"start":{"line":48,"column":6},"end":{"line":59,"column":7}},"type":"switch","locations":[{"start":{"line":49,"column":8},"end":{"line":50,"column":50}},{"start":{"line":51,"column":8},"end":{"line":52,"column":50}},{"start":{"line":53,"column":8},"end":{"line":54,"column":86}},{"start":{"line":55,"column":8},"end":{"line":56,"column":50}},{"start":{"line":57,"column":8},"end":{"line":58,"column":22}}],"line":48}},"s":{"0":1,"1":1,"2":1,"3":1,"4":1,"5":1,"6":5,"7":5,"8":5,"9":1,"10":4,"11":2,"12":2,"13":1,"14":1,"15":1,"16":1,"17":1,"18":5,"19":5,"20":2,"21":1,"22":1,"23":1,"24":0,"25":1,"26":1,"27":2,"28":1,"29":2,"30":1,"31":2,"32":1,"33":1,"34":1,"35":1},"f":{"0":1,"1":5,"2":1,"3":5,"4":2,"5":2,"6":2,"7":1},"b":{"0":[1,4],"1":[5,3,2],"2":[2,2],"3":[1,1],"4":[2,1,1,1,0]},"_coverageSchema":"1a1c01bbd47fc00a2c39e90264f33305004495a9","hash":"014dbedbc373e83ccc34e26c895b8046ced2b65b"}
}
