TN:
SF:src/index.js
FN:6,(anonymous_0)
FN:19,(anonymous_1)
FNF:2
FNH:2
FNDA:2,(anonymous_0)
FNDA:2,(anonymous_1)
DA:6,1
DA:7,2
DA:9,2
DA:11,0
DA:13,0
DA:15,0
DA:19,1
DA:20,2
DA:21,2
DA:22,2
DA:23,2
DA:24,2
DA:25,2
LF:13
LH:10
BRDA:7,0,0,2
BRDA:7,0,1,0
BRDA:7,0,2,0
BRDA:7,0,3,0
BRDA:19,1,0,2
BRF:5
BRH:2
end_of_record
TN:
SF:src/utils.js
FN:9,(anonymous_0)
FN:11,(anonymous_1)
FN:13,(anonymous_2)
FN:26,(anonymous_3)
FN:32,(anonymous_4)
FN:38,(anonymous_5)
FNF:6
FNH:6
FNDA:8,(anonymous_0)
FNDA:4,(anonymous_1)
FNDA:4,(anonymous_2)
FNDA:4,(anonymous_3)
FNDA:2,(anonymous_4)
FNDA:10,(anonymous_5)
DA:6,1
DA:7,1
DA:9,8
DA:11,4
DA:13,1
DA:14,4
DA:17,2
DA:20,2
DA:22,0
DA:26,1
DA:27,4
DA:28,4
DA:29,4
DA:32,1
DA:33,2
DA:34,2
DA:35,2
DA:36,2
DA:38,2
DA:39,10
DA:40,10
DA:42,10
DA:43,4
DA:50,6
DA:51,2
DA:58,4
DA:59,0
DA:66,4
DA:67,2
DA:74,2
DA:82,2
LF:31
LH:29
BRDA:14,0,0,0
BRDA:14,0,1,2
BRDA:14,0,2,0
BRDA:14,0,3,2
BRDA:14,0,4,0
BRDA:42,1,0,4
BRDA:42,1,1,6
BRDA:50,2,0,2
BRDA:50,2,1,4
BRDA:58,3,0,0
BRDA:58,3,1,4
BRDA:58,4,0,4
BRDA:58,4,1,0
BRDA:66,5,0,2
BRDA:66,5,1,2
BRF:15
BRH:10
end_of_record
TN:
SF:src/formatters/json.js
FN:1,(anonymous_0)
FNF:1
FNH:0
FNDA:0,(anonymous_0)
DA:1,1
LF:1
LH:1
BRF:0
BRH:0
end_of_record
TN:
SF:src/formatters/plain.js
FN:3,(anonymous_0)
FN:4,(anonymous_1)
FN:14,(anonymous_2)
FN:18,(anonymous_3)
FN:32,(anonymous_4)
FNF:5
FNH:0
FNDA:0,(anonymous_0)
FNDA:0,(anonymous_1)
FNDA:0,(anonymous_2)
FNDA:0,(anonymous_3)
FNDA:0,(anonymous_4)
DA:3,1
DA:4,0
DA:5,0
DA:6,0
DA:8,0
DA:9,0
DA:11,0
DA:14,0
DA:15,0
DA:16,0
DA:18,0
DA:20,0
DA:22,0
DA:24,0
DA:26,0
DA:28,0
DA:32,0
DA:33,0
LF:18
LH:1
BRDA:5,0,0,0
BRDA:5,0,1,0
BRDA:8,1,0,0
BRDA:8,1,1,0
BRDA:14,2,0,0
BRDA:15,3,0,0
BRDA:15,3,1,0
BRDA:16,4,0,0
BRDA:16,4,1,0
BRDA:16,4,2,0
BRDA:16,4,3,0
BRDA:16,4,4,0
BRDA:16,4,5,0
BRF:13
BRH:0
end_of_record
TN:
SF:src/formatters/stylish.js
FN:1,(anonymous_0)
FN:3,(anonymous_1)
FN:9,(anonymous_2)
FN:13,(anonymous_3)
FN:43,(anonymous_4)
FN:45,(anonymous_5)
FNF:6
FNH:5
FNDA:12,(anonymous_0)
FNDA:12,(anonymous_1)
FNDA:0,(anonymous_2)
FNDA:10,(anonymous_3)
FNDA:2,(anonymous_4)
FNDA:10,(anonymous_5)
DA:1,12
DA:3,1
DA:4,12
DA:5,12
DA:8,0
DA:9,0
DA:10,0
DA:13,1
DA:14,10
DA:22,10
DA:24,10
DA:26,2
DA:28,4
DA:30,2
DA:32,2
DA:37,0
DA:39,0
DA:43,1
DA:44,2
DA:45,10
DA:46,2
LF:21
LH:16
BRDA:4,0,0,12
BRDA:4,0,1,0
BRDA:13,1,0,0
BRDA:24,2,0,2
BRDA:24,2,1,4
BRDA:24,2,2,2
BRDA:24,2,3,2
BRDA:24,2,4,0
BRDA:24,2,5,0
BRDA:43,3,0,2
BRF:10
BRH:6
end_of_record
