TN:
SF:src/index.js
FN:6,(anonymous_0)
FN:11,(anonymous_1)
FN:45,(anonymous_2)
FN:46,(anonymous_3)
FN:63,(anonymous_4)
FN:65,(anonymous_5)
FN:67,(anonymous_6)
FN:69,(anonymous_7)
FNF:8
FNH:8
FNDA:1,(anonymous_0)
FNDA:5,(anonymous_1)
FNDA:1,(anonymous_2)
FNDA:5,(anonymous_3)
FNDA:2,(anonymous_4)
FNDA:2,(anonymous_5)
FNDA:2,(anonymous_6)
FNDA:1,(anonymous_7)
DA:6,1
DA:7,1
DA:8,1
DA:9,1
DA:10,1
DA:11,1
DA:12,5
DA:13,5
DA:14,5
DA:15,1
DA:22,4
DA:23,2
DA:29,2
DA:30,1
DA:36,1
DA:42,1
DA:45,1
DA:46,1
DA:47,5
DA:48,5
DA:50,2
DA:52,1
DA:54,1
DA:56,1
DA:58,0
DA:61,1
DA:63,2
DA:65,2
DA:67,2
DA:69,1
DA:70,1
DA:71,1
DA:72,1
LF:33
LH:32
BRDA:14,0,0,1
BRDA:14,0,1,4
BRDA:14,1,0,5
BRDA:14,1,1,3
BRDA:14,1,2,2
BRDA:22,2,0,2
BRDA:22,2,1,2
BRDA:29,3,0,1
BRDA:29,3,1,1
BRDA:48,4,0,2
BRDA:48,4,1,1
BRDA:48,4,2,1
BRDA:48,4,3,1
BRDA:48,4,4,0
BRF:14
BRH:13
end_of_record
